# JRE version: OpenJDK Runtime Environment Temurin-17.0.3+7 (17.0.3+7) (build 17.0.3+7)
# Java VM: OpenJDK 64-Bit Server VM Temurin-17.0.3+7 (17.0.3+7, mixed mode, emulated-client, tiered, compressed oops, compressed class ptrs, g1 gc, linux-amd64)
GC Precious Log:
 CPUs: 8 total, 8 available
 Memory: 15383M
 Large Page Support: Disabled
 NUMA Support: Disabled
 Compressed Oops: Enabled (Zero based)
 Heap Region Size: 2M
 Heap Min Capacity: 8M
 Heap Initial Capacity: 242M
 Heap Max Capacity: 3846M
 Pre-touch: Disabled
 Parallel Workers: 8
 Concurrent Workers: 2
 Concurrent Refinement Workers: 8
 Periodic GC: Disabled
Heap:
 garbage-first heap   total 151552K, used 23735K [0x000000070fa00000, 0x0000000800000000)
  region size 2048K, 6 young (12288K), 3 survivors (6144K)
 Metaspace       used 47775K, committed 48256K, reserved 1097728K
  class space    used 5859K, committed 6080K, reserved 1048576K
GC Heap History (20 events):
Event: 0.728 GC heap before
{Heap before GC invocations=2 (full 0):
 garbage-first heap   total 247808K, used 27085K [0x000000070fa00000, 0x0000000800000000)
  region size 2048K, 12 young (24576K), 1 survivors (2048K)
 Metaspace       used 21309K, committed 21504K, reserved 1073152K
  class space    used 2448K, committed 2560K, reserved 1048576K
}
Event: 0.730 GC heap after
{Heap after GC invocations=3 (full 0):
 garbage-first heap   total 247808K, used 7138K [0x000000070fa00000, 0x0000000800000000)
  region size 2048K, 2 young (4096K), 2 survivors (4096K)
 Metaspace       used 21309K, committed 21504K, reserved 1073152K
  class space    used 2448K, committed 2560K, reserved 1048576K
}
Event: 0.786 GC heap before
{Heap before GC invocations=4 (full 0):
 garbage-first heap   total 49152K, used 33762K [0x000000070fa00000, 0x0000000800000000)
  region size 2048K, 16 young (32768K), 2 survivors (4096K)
 Metaspace       used 23787K, committed 24128K, reserved 1073152K
  class space    used 2728K, committed 2880K, reserved 1048576K
}
Event: 0.788 GC heap after
{Heap after GC invocations=5 (full 0):
 garbage-first heap   total 49152K, used 7333K [0x000000070fa00000, 0x0000000800000000)
  region size 2048K, 2 young (4096K), 2 survivors (4096K)
 Metaspace       used 23787K, committed 24128K, reserved 1073152K
  class space    used 2728K, committed 2880K, reserved 1048576K
}
Event: 0.792 GC heap before
{Heap before GC invocations=5 (full 0):
 garbage-first heap   total 49152K, used 7333K [0x000000070fa00000, 0x0000000800000000)
  region size 2048K, 3 young (6144K), 2 survivors (4096K)
 Metaspace       used 23952K, committed 24256K, reserved 1073152K
  class space    used 2746K, committed 2880K, reserved 1048576K
}
Event: 0.794 GC heap after
{Heap after GC invocations=6 (full 0):
 garbage-first heap   total 49152K, used 7614K [0x000000070fa00000, 0x0000000800000000)
  region size 2048K, 1 young (2048K), 1 survivors (2048K)
 Metaspace       used 23952K, committed 24256K, reserved 1073152K
  class space    used 2746K, committed 2880K, reserved 1048576K
}
Event: 0.832 GC heap before
{Heap before GC invocations=6 (full 0):
 garbage-first heap   total 49152K, used 30142K [0x000000070fa00000, 0x0000000800000000)
  region size 2048K, 13 young (26624K), 1 survivors (2048K)
 Metaspace       used 26262K, committed 26496K, reserved 1073152K
  class space    used 3039K, committed 3136K, reserved 1048576K
}
Event: 0.833 GC heap after
{Heap after GC invocations=7 (full 0):
 garbage-first heap   total 149504K, used 7698K [0x000000070fa00000, 0x0000000800000000)
  region size 2048K, 1 young (2048K), 1 survivors (2048K)
 Metaspace       used 26262K, committed 26496K, reserved 1073152K
  class space    used 3039K, committed 3136K, reserved 1048576K
}
Event: 1.246 GC heap before
{Heap before GC invocations=7 (full 0):
 garbage-first heap   total 149504K, used 93714K [0x000000070fa00000, 0x0000000800000000)
  region size 2048K, 43 young (88064K), 1 survivors (2048K)
 Metaspace       used 32588K, committed 32960K, reserved 1081344K
  class space    used 3986K, committed 4160K, reserved 1048576K
}
Event: 1.250 GC heap after
{Heap after GC invocations=8 (full 0):
 garbage-first heap   total 149504K, used 10833K [0x000000070fa00000, 0x0000000800000000)
  region size 2048K, 2 young (4096K), 2 survivors (4096K)
 Metaspace       used 32588K, committed 32960K, reserved 1081344K
  class space    used 3986K, committed 4160K, reserved 1048576K
}
Event: 1.411 GC heap before
{Heap before GC invocations=8 (full 0):
 garbage-first heap   total 149504K, used 45649K [0x000000070fa00000, 0x0000000800000000)
  region size 2048K, 20 young (40960K), 2 survivors (4096K)
 Metaspace       used 35755K, committed 36160K, reserved 1081344K
  class space    used 4401K, committed 4608K, reserved 1048576K
}
Event: 1.415 GC heap after
{Heap after GC invocations=9 (full 0):
 garbage-first heap   total 149504K, used 12903K [0x000000070fa00000, 0x0000000800000000)
  region size 2048K, 3 young (6144K), 3 survivors (6144K)
 Metaspace       used 35755K, committed 36160K, reserved 1081344K
  class space    used 4401K, committed 4608K, reserved 1048576K
}
Event: 1.515 GC heap before
{Heap before GC invocations=10 (full 0):
 garbage-first heap   total 55296K, used 43623K [0x000000070fa00000, 0x0000000800000000)
  region size 2048K, 19 young (38912K), 3 survivors (6144K)
 Metaspace       used 39365K, committed 39744K, reserved 1089536K
  class space    used 4796K, committed 4992K, reserved 1048576K
}
Event: 1.520 GC heap after
{Heap after GC invocations=11 (full 0):
 garbage-first heap   total 55296K, used 14479K [0x000000070fa00000, 0x0000000800000000)
  region size 2048K, 4 young (8192K), 4 survivors (8192K)
 Metaspace       used 39365K, committed 39744K, reserved 1089536K
  class space    used 4796K, committed 4992K, reserved 1048576K
}
Event: 1.527 GC heap before
{Heap before GC invocations=11 (full 0):
 garbage-first heap   total 55296K, used 16527K [0x000000070fa00000, 0x0000000800000000)
  region size 2048K, 5 young (10240K), 4 survivors (8192K)
 Metaspace       used 39548K, committed 39872K, reserved 1089536K
  class space    used 4833K, committed 4992K, reserved 1048576K
}
Event: 1.532 GC heap after
{Heap after GC invocations=12 (full 0):
 garbage-first heap   total 55296K, used 15117K [0x000000070fa00000, 0x0000000800000000)
  region size 2048K, 1 young (2048K), 1 survivors (2048K)
 Metaspace       used 39548K, committed 39872K, reserved 1089536K
  class space    used 4833K, committed 4992K, reserved 1048576K
}
Event: 1.680 GC heap before
{Heap before GC invocations=12 (full 0):
 garbage-first heap   total 55296K, used 39693K [0x000000070fa00000, 0x0000000800000000)
  region size 2048K, 14 young (28672K), 1 survivors (2048K)
 Metaspace       used 41654K, committed 42112K, reserved 1089536K
  class space    used 5097K, committed 5312K, reserved 1048576K
}
Event: 1.683 GC heap after
{Heap after GC invocations=13 (full 0):
 garbage-first heap   total 151552K, used 15649K [0x000000070fa00000, 0x0000000800000000)
  region size 2048K, 1 young (2048K), 1 survivors (2048K)
 Metaspace       used 41654K, committed 42112K, reserved 1089536K
  class space    used 5097K, committed 5312K, reserved 1048576K
}
Event: 94.054 GC heap before
{Heap before GC invocations=13 (full 0):
 garbage-first heap   total 151552K, used 101665K [0x000000070fa00000, 0x0000000800000000)
  region size 2048K, 44 young (90112K), 1 survivors (2048K)
 Metaspace       used 47775K, committed 48256K, reserved 1097728K
  class space    used 5859K, committed 6080K, reserved 1048576K
}
Event: 94.059 GC heap after
{Heap after GC invocations=14 (full 0):
 garbage-first heap   total 151552K, used 19639K [0x000000070fa00000, 0x0000000800000000)
  region size 2048K, 3 young (6144K), 3 survivors (6144K)
 Metaspace       used 47775K, committed 48256K, reserved 1097728K
  class space    used 5859K, committed 6080K, reserved 1048576K
}

